{"logLevel":"debug","message":"multithreading is set to false"}
{"logLevel":"debug","message":"Using reflection to scan dependencies for gauge implementations..."}
SLF4J: Failed to load class "org.slf4j.impl.StaticLoggerBinder".
SLF4J: Defaulting to no-operation (NOP) logger implementation
SLF4J: See http://www.slf4j.org/codes.html#StaticLoggerBinder for further details.
{"logLevel":"debug","message":"gauge-java took 1025milliseconds to load and scan. This should be less than 'runner_connection_timeout' config value."}
{"logLevel":"debug","message":"run 'gauge config runner_connection_timeout' and verify that it is < 1025"}
{"logLevel":"debug","message":"starting gRPC server..."}
{"logLevel":"debug","message":"started gRPC server on port 58146"}
{"logLevel":"info","message":"Listening on port:58146"}
{"logLevel":"debug","message":"Scanning packages for steps"}
{"logLevel":"debug","message":"Comparing 'com.testinium.StepImplementation.finish' and 'com.testinium.StepImplementation.finish'"}
{"logLevel":"debug","message":"Found Cancel {} click in current project scope."}
{"logLevel":"debug","message":"Comparing 'com.testinium.StepImplementation.dateDirection' and 'com.testinium.StepImplementation.dateDirection'"}
{"logLevel":"debug","message":"Found Tarih bilgisi {} günün tarihinden 2 gün sonra ya seçilir in current project scope."}
{"logLevel":"debug","message":"Comparing 'com.testinium.StepImplementation.continuationButton' and 'com.testinium.StepImplementation.continuationButton'"}
{"logLevel":"debug","message":"Found Devam {} tıklanır in current project scope."}
{"logLevel":"debug","message":"Comparing 'com.testinium.StepImplementation.secondPassenger' and 'com.testinium.StepImplementation.secondPassenger'"}
{"logLevel":"debug","message":"Found 2. Yolcu {}, {}, {}, {}, {} in current project scope."}
{"logLevel":"debug","message":"Comparing 'com.testinium.StepImplementation.economicalFlight' and 'com.testinium.StepImplementation.economicalFlight'"}
{"logLevel":"debug","message":"Found Ekonomik ucus için {}, {} secilir in current project scope."}
{"logLevel":"debug","message":"Comparing 'com.testinium.StepImplementation.clickBy' and 'com.testinium.StepImplementation.clickBy'"}
{"logLevel":"debug","message":"Found {} elementine tıkla in current project scope."}
{"logLevel":"debug","message":"Comparing 'com.testinium.StepImplementation.okButton' and 'com.testinium.StepImplementation.okButton'"}
{"logLevel":"debug","message":"Found Tamam butonuna {} tıklanır in current project scope."}
{"logLevel":"debug","message":"Comparing 'com.testinium.StepImplementation.flyControl' and 'com.testinium.StepImplementation.flyControl'"}
{"logLevel":"debug","message":"Found Ucusların listelendiği kontrol edilir in current project scope."}
{"logLevel":"debug","message":"Comparing 'com.testinium.StepImplementation.directionInformation' and 'com.testinium.StepImplementation.directionInformation'"}
{"logLevel":"debug","message":"Found Yön bilgisi {} , {} in current project scope."}
{"logLevel":"debug","message":"Comparing 'com.testinium.StepImplementation.start' and 'com.testinium.StepImplementation.start'"}
{"logLevel":"debug","message":"Found start in current project scope."}
{"logLevel":"debug","message":"Comparing 'com.testinium.StepImplementation.addPassenger' and 'com.testinium.StepImplementation.addPassenger'"}
{"logLevel":"debug","message":"Found 1. Yolcu {},  {}, {}, {}, {} in current project scope."}
{"logLevel":"debug","message":"Comparing 'com.testinium.StepImplementation.oneDirection' and 'com.testinium.StepImplementation.oneDirection'"}
{"logLevel":"debug","message":"Found Tek yön {} secilir in current project scope."}
{"logLevel":"debug","message":"Comparing 'com.testinium.StepImplementation.personIncrease' and 'com.testinium.StepImplementation.personIncrease'"}
{"logLevel":"debug","message":"Found Yolcu sayısı {} olarak seçilir in current project scope."}
{"logLevel":"debug","message":"Comparing 'com.testinium.StepImplementation.searchButton' and 'com.testinium.StepImplementation.searchButton'"}
{"logLevel":"debug","message":"Found Ucus ara {} tıklanır in current project scope."}
{"logLevel":"debug","message":"Comparing 'com.testinium.StepImplementation.ticket' and 'com.testinium.StepImplementation.ticket'"}
{"logLevel":"debug","message":"Found Bilet al {} tıklanır in current project scope."}
{"logLevel":"debug","message":"Scanning packages for hooks"}
{"logLevel":"debug","message":"Scanned steps (using static parsing + reflections): "}
{"logLevel":"debug","message":"\tTamam butonuna {} tıklanır : public void okButton(String button)"}
{"logLevel":"debug","message":"\tYön bilgisi {} , {} : public void directionInformation(String nereden, String nereye)"}
{"logLevel":"debug","message":"\tDevam {} tıklanır : public void continuationButton(String button)"}
{"logLevel":"debug","message":"\tCancel {} click : public void finish(String button)"}
{"logLevel":"debug","message":"\tTek yön {} secilir : public void oneDirection(String ucus)"}
{"logLevel":"debug","message":"\tstart : public void start()"}
{"logLevel":"debug","message":"\tUcus ara {} tıklanır : public void searchButton(String button)"}
{"logLevel":"debug","message":"\tBilet al {} tıklanır : public void ticket(String button)"}
{"logLevel":"debug","message":"\tTarih bilgisi {} günün tarihinden 2 gün sonra ya seçilir : public void dateDirection(String button)"}
{"logLevel":"debug","message":"\t2. Yolcu {}, {}, {}, {}, {} : public void secondPassenger(String firstname, String lastname, String birthday, String email, String tc)"}
{"logLevel":"debug","message":"\t1. Yolcu {},  {}, {}, {}, {} : public void addPassenger(String firstname, String lastname, String birthday, String email, String tc)"}
{"logLevel":"debug","message":"\t{} elementine tıkla : public void clickBy(By by)"}
{"logLevel":"debug","message":"\tUcusların listelendiği kontrol edilir : public void flyControl()"}
{"logLevel":"debug","message":"\tEkonomik ucus için {}, {} secilir : public void economicalFlight(String button1, String button2)"}
{"logLevel":"debug","message":"\tYolcu sayısı {} olarak seçilir : public void personIncrease(String button)"}
Aug 19, 2020 6:06:19 PM io.appium.java_client.remote.AppiumCommandExecutor$1 lambda$0
INFO: Detected dialect: W3C
{"logLevel":"debug","message":"Executing 'start' using 'class com.testinium.StepImplementation.start"}
{"logLevel":"debug","message":"Executing 'Bilet al {} tıklanır' using 'class com.testinium.StepImplementation.ticket"}
{"logLevel":"debug","message":"Executing 'Tek yön {} secilir' using 'class com.testinium.StepImplementation.oneDirection"}
{"logLevel":"debug","message":"Executing 'Yön bilgisi {} , {}' using 'class com.testinium.StepImplementation.directionInformation"}
{"logLevel":"debug","message":"Executing 'Tarih bilgisi {} günün tarihinden 2 gün sonra ya seçilir' using 'class com.testinium.StepImplementation.dateDirection"}
{"logLevel":"debug","message":"Executing 'Tamam butonuna {} tıklanır' using 'class com.testinium.StepImplementation.okButton"}
{"logLevel":"debug","message":"Executing 'Yolcu sayısı {} olarak seçilir' using 'class com.testinium.StepImplementation.personIncrease"}
{"logLevel":"debug","message":"Executing 'Ucus ara {} tıklanır' using 'class com.testinium.StepImplementation.searchButton"}
{"logLevel":"debug","message":"Executing 'Ekonomik ucus için {}, {} secilir' using 'class com.testinium.StepImplementation.economicalFlight"}
{"logLevel":"debug","message":"Executing 'Devam {} tıklanır' using 'class com.testinium.StepImplementation.continuationButton"}
{"logLevel":"debug","message":"Executing '1. Yolcu {},  {}, {}, {}, {}' using 'class com.testinium.StepImplementation.addPassenger"}
{"logLevel":"debug","message":"Executing '2. Yolcu {}, {}, {}, {}, {}' using 'class com.testinium.StepImplementation.secondPassenger"}
