{"logLevel":"debug","message":"multithreading is set to false"}
{"logLevel":"debug","message":"Using reflection to scan dependencies for gauge implementations..."}
SLF4J: Failed to load class "org.slf4j.impl.StaticLoggerBinder".
SLF4J: Defaulting to no-operation (NOP) logger implementation
SLF4J: See http://www.slf4j.org/codes.html#StaticLoggerBinder for further details.
{"logLevel":"debug","message":"gauge-java took 777milliseconds to load and scan. This should be less than 'runner_connection_timeout' config value."}
{"logLevel":"debug","message":"run 'gauge config runner_connection_timeout' and verify that it is < 777"}
{"logLevel":"debug","message":"starting gRPC server..."}
{"logLevel":"debug","message":"started gRPC server on port 51524"}
{"logLevel":"info","message":"Listening on port:51524"}
{"logLevel":"debug","message":"Scanning packages for steps"}
{"logLevel":"debug","message":"Comparing 'com.testinium.FlightInformationStep.economicalFlight' and 'com.testinium.FlightInformationStep.economicalFlight'"}
{"logLevel":"debug","message":"Found Ekonomik ucus secilir in current project scope."}
{"logLevel":"debug","message":"Comparing 'com.testinium.PassengerInformation.addPassenger' and 'com.testinium.PassengerInformation.addPassenger'"}
{"logLevel":"debug","message":"Found Yolcu ekle alanı doldurulur ve devam butonuna tıklanır in current project scope."}
{"logLevel":"debug","message":"Comparing 'com.testinium.FlightInformationStep.continuationButton' and 'com.testinium.FlightInformationStep.continuationButton'"}
{"logLevel":"debug","message":"Found Devam butonuna tıklanır in current project scope."}
{"logLevel":"debug","message":"Comparing 'com.testinium.FlightStep.dateDirection' and 'com.testinium.FlightStep.dateDirection'"}
{"logLevel":"debug","message":"Found Tarih bilgisi günün tarihinden 2 gün sonra in current project scope."}
{"logLevel":"debug","message":"Comparing 'com.testinium.FlightStep.ticket' and 'com.testinium.FlightStep.ticket'"}
{"logLevel":"debug","message":"Found Bilet al butonuna tıklanır in current project scope."}
{"logLevel":"debug","message":"Comparing 'com.testinium.PassengerInformation.finish' and 'com.testinium.PassengerInformation.finish'"}
{"logLevel":"debug","message":"Found Finish in current project scope."}
{"logLevel":"debug","message":"Comparing 'com.testinium.FlightStep.searchButton' and 'com.testinium.FlightStep.searchButton'"}
{"logLevel":"debug","message":"Found Ucus ara butonuna tıklanır in current project scope."}
{"logLevel":"debug","message":"Comparing 'com.testinium.FlightStep.oneDirection' and 'com.testinium.FlightStep.oneDirection'"}
{"logLevel":"debug","message":"Found Tek yön ucus secilir in current project scope."}
{"logLevel":"debug","message":"Comparing 'com.testinium.FlightStep.personIncrease' and 'com.testinium.FlightStep.personIncrease'"}
{"logLevel":"debug","message":"Found Yolcu sayısı in current project scope."}
{"logLevel":"debug","message":"Comparing 'com.testinium.FlightStep.okButton' and 'com.testinium.FlightStep.okButton'"}
{"logLevel":"debug","message":"Found Tamam butonuna tıklanır in current project scope."}
{"logLevel":"debug","message":"Comparing 'com.testinium.FlightStep.directionInformation' and 'com.testinium.FlightStep.directionInformation'"}
{"logLevel":"debug","message":"Found Yön bilgisi SAW to ESB in current project scope."}
{"logLevel":"debug","message":"Comparing 'com.testinium.FlightStep.start' and 'com.testinium.FlightStep.start'"}
{"logLevel":"debug","message":"Found start in current project scope."}
{"logLevel":"debug","message":"Comparing 'com.testinium.FlightInformationStep.flyControl' and 'com.testinium.FlightInformationStep.flyControl'"}
{"logLevel":"debug","message":"Found Ucusların listelendiği kontrol edilir in current project scope."}
{"logLevel":"debug","message":"Scanning packages for hooks"}
{"logLevel":"debug","message":"Scanned steps (using static parsing + reflections): "}
{"logLevel":"debug","message":"\tEkonomik ucus secilir : public void economicalFlight()"}
{"logLevel":"debug","message":"\tTarih bilgisi günün tarihinden 2 gün sonra : public void dateDirection()"}
{"logLevel":"debug","message":"\tYolcu sayısı : public void personIncrease()"}
{"logLevel":"debug","message":"\tDevam butonuna tıklanır : public void continuationButton()"}
{"logLevel":"debug","message":"\tstart : public void start()"}
{"logLevel":"debug","message":"\tYolcu ekle alanı doldurulur ve devam butonuna tıklanır : public void addPassenger()"}
{"logLevel":"debug","message":"\tYön bilgisi SAW to ESB : public void directionInformation()"}
{"logLevel":"debug","message":"\tTamam butonuna tıklanır : public void okButton()"}
{"logLevel":"debug","message":"\tUcus ara butonuna tıklanır : public void searchButton()"}
{"logLevel":"debug","message":"\tBilet al butonuna tıklanır : public void ticket()"}
{"logLevel":"debug","message":"\tUcusların listelendiği kontrol edilir : public void flyControl()"}
{"logLevel":"debug","message":"\tFinish : public void finish()"}
{"logLevel":"debug","message":"\tTek yön ucus secilir : public void oneDirection()"}
Aug 19, 2020 3:15:05 PM io.appium.java_client.remote.AppiumCommandExecutor$1 lambda$0
INFO: Detected dialect: W3C
{"logLevel":"debug","message":"Executing 'start' using 'class com.testinium.FlightStep.start"}
