17-08-2020 17:28:01.878 [Gauge] [INFO] Watching directory: C:\Users\testinium\Desktop\THYMobilTest\specs
17-08-2020 17:28:01.878 [Gauge] [DEBUG] Found 1 files
17-08-2020 17:28:01.880 [Gauge] [INFO] Initializing concepts cache with 0 concepts
17-08-2020 17:28:01.881 [Gauge] [INFO] Initializing specs cache with 1 specs
17-08-2020 17:28:01.881 [Gauge] [DEBUG] Adding specs from C:\Users\testinium\Desktop\THYMobilTest\specs\example.spec
17-08-2020 17:28:01.881 [Gauge] [INFO] Initializing steps cache with 1 steps
17-08-2020 17:28:01.881 [Gauge] [INFO] Gauge daemon initialized and listening on port: 53379
17-08-2020 17:28:14.812 [Gauge] [DEBUG] Api Request Received: messageType:GetStepValueRequest messageId:4 stepValueRequest:<stepText:"ba\305\237la" > 
17-08-2020 17:28:14.812 [Gauge] [DEBUG] Sending API response: messageType:GetStepValueResponse messageId:4 stepValueResponse:<stepValue:<stepValue:"ba\305\237la" parameterizedStepValue:"ba\305\237la" > > 
17-08-2020 17:28:14.813 [Gauge] [DEBUG] Api Request Received: messageType:GetStepValueRequest messageId:4 stepValueRequest:<stepText:"ba\305\237la" > 
17-08-2020 17:28:14.813 [Gauge] [DEBUG] Sending API response: messageType:GetStepValueResponse messageId:4 stepValueResponse:<stepValue:<stepValue:"ba\305\237la" parameterizedStepValue:"ba\305\237la" > > 
17-08-2020 17:30:00.749 [Gauge] [DEBUG] Api Request Received: messageType:GetStepValueRequest messageId:4 stepValueRequest:<stepText:"start" > 
17-08-2020 17:30:00.749 [Gauge] [DEBUG] Sending API response: messageType:GetStepValueResponse messageId:4 stepValueResponse:<stepValue:<stepValue:"start" parameterizedStepValue:"start" > > 
17-08-2020 17:30:03.169 [Gauge] [DEBUG] Api Request Received: messageType:GetAllStepsRequest messageId:2 allStepsRequest:<> 
17-08-2020 17:30:03.169 [Gauge] [DEBUG] Sending API response: messageType:GetAllStepResponse messageId:2 allStepsResponse:<allSteps:<stepValue:"ba\305\237la" parameterizedStepValue:"ba\305\237la" > > 
17-08-2020 17:30:03.173 [Gauge] [DEBUG] Api Request Received: messageType:GetAllConceptsRequest messageId:6 allConceptsRequest:<> 
17-08-2020 17:30:03.173 [Gauge] [DEBUG] Sending API response: messageType:GetAllConceptsResponse messageId:6 allConceptsResponse:<> 
17-08-2020 17:30:03.285 [Gauge] [DEBUG] Api Request Received: messageType:GetAllStepsRequest messageId:2 allStepsRequest:<> 
17-08-2020 17:30:03.285 [Gauge] [DEBUG] Sending API response: messageType:GetAllStepResponse messageId:2 allStepsResponse:<allSteps:<stepValue:"ba\305\237la" parameterizedStepValue:"ba\305\237la" > > 
17-08-2020 17:30:03.285 [Gauge] [DEBUG] Api Request Received: messageType:GetAllConceptsRequest messageId:6 allConceptsRequest:<> 
17-08-2020 17:30:03.285 [Gauge] [DEBUG] Sending API response: messageType:GetAllConceptsResponse messageId:6 allConceptsResponse:<> 
17-08-2020 17:30:14.664 [Gauge] [INFO] Spec file added / modified: C:\Users\testinium\Desktop\THYMobilTest\specs\example.spec
17-08-2020 17:30:14.666 [Gauge] [INFO] Spec file added / modified: C:\Users\testinium\Desktop\THYMobilTest\specs\example.spec
17-08-2020 20:08:10.576 [Gauge] [DEBUG] Api Request Received: messageType:GetStepValueRequest messageId:4 stepValueRequest:<stepText:"tarih <day>" > 
17-08-2020 20:08:10.584 [Gauge] [DEBUG] Sending API response: messageType:GetStepValueResponse messageId:4 stepValueResponse:<stepValue:<stepValue:"tarih {}" parameterizedStepValue:"tarih <day>" parameters:"day" > > 
18-08-2020 00:20:32.430 [Gauge] [INFO] Closing connection [127.0.0.1:53380] cause: read tcp 127.0.0.1:53379->127.0.0.1:53380: wsarecv: An existing connection was forcibly closed by the remote host.
18-08-2020 00:20:32.542 [Gauge] [CRITICAL] Killing Gauge daemon. Parent process with pid 14780 has terminated.
18-08-2020 12:34:04.802 [Gauge] [INFO] Watching directory: C:\Users\testinium\Desktop\THYMobilTest\specs
18-08-2020 12:34:04.807 [Gauge] [DEBUG] Found 1 files
18-08-2020 12:34:04.816 [Gauge] [INFO] Initializing concepts cache with 0 concepts
18-08-2020 12:34:04.817 [Gauge] [INFO] Initializing specs cache with 1 specs
18-08-2020 12:34:04.817 [Gauge] [DEBUG] Adding specs from C:\Users\testinium\Desktop\THYMobilTest\specs\example.spec
18-08-2020 12:34:04.817 [Gauge] [INFO] Initializing steps cache with 1 steps
18-08-2020 12:34:04.817 [Gauge] [INFO] Gauge daemon initialized and listening on port: 54591
18-08-2020 12:34:32.417 [Gauge] [DEBUG] Api Request Received: messageType:GetStepValueRequest messageId:4 stepValueRequest:<stepText:"start" > 
18-08-2020 12:34:32.417 [Gauge] [DEBUG] Sending API response: messageType:GetStepValueResponse messageId:4 stepValueResponse:<stepValue:<stepValue:"start" parameterizedStepValue:"start" > > 
18-08-2020 13:03:18.905 [Gauge] [DEBUG] Api Request Received: messageType:GetStepValueRequest messageId:4 stepValueRequest:<> 
18-08-2020 13:03:18.907 [Gauge] [DEBUG] Sending API response: messageType:GetStepValueResponse messageId:4 stepValueResponse:<stepValue:<> > 
18-08-2020 13:03:19.241 [Gauge] [DEBUG] Api Request Received: messageType:GetStepValueRequest messageId:4 stepValueRequest:<> 
18-08-2020 13:03:19.241 [Gauge] [DEBUG] Sending API response: messageType:GetStepValueResponse messageId:4 stepValueResponse:<stepValue:<> > 
18-08-2020 13:03:22.151 [Gauge] [DEBUG] Api Request Received: messageType:GetStepValueRequest messageId:4 stepValueRequest:<> 
18-08-2020 13:03:22.152 [Gauge] [DEBUG] Sending API response: messageType:GetStepValueResponse messageId:4 stepValueResponse:<stepValue:<> > 
18-08-2020 13:03:27.268 [Gauge] [DEBUG] Api Request Received: messageType:GetStepValueRequest messageId:4 stepValueRequest:<stepText:"Bilet al butonuna t\304\261klan\304\261r. " > 
18-08-2020 13:03:27.268 [Gauge] [DEBUG] Sending API response: messageType:GetStepValueResponse messageId:4 stepValueResponse:<stepValue:<stepValue:"Bilet al butonuna t\304\261klan\304\261r." parameterizedStepValue:"Bilet al butonuna t\304\261klan\304\261r." > > 
18-08-2020 13:03:34.155 [Gauge] [DEBUG] Api Request Received: messageType:GetStepValueRequest messageId:4 stepValueRequest:<stepText:"Bilet al butonuna t\304\261klan\304\261r" > 
18-08-2020 13:03:34.155 [Gauge] [DEBUG] Sending API response: messageType:GetStepValueResponse messageId:4 stepValueResponse:<stepValue:<stepValue:"Bilet al butonuna t\304\261klan\304\261r" parameterizedStepValue:"Bilet al butonuna t\304\261klan\304\261r" > > 
18-08-2020 13:04:28.919 [Gauge] [DEBUG] Api Request Received: messageType:GetStepValueRequest messageId:4 stepValueRequest:<stepText:"Tek y\303\266n u\303\247us\314\247 se\303\247ilir " > 
18-08-2020 13:04:28.919 [Gauge] [DEBUG] Sending API response: messageType:GetStepValueResponse messageId:4 stepValueResponse:<stepValue:<stepValue:"Tek y\303\266n u\303\247us\314\247 se\303\247ilir" parameterizedStepValue:"Tek y\303\266n u\303\247us\314\247 se\303\247ilir" > > 
18-08-2020 13:04:31.769 [Gauge] [DEBUG] Api Request Received: messageType:GetStepValueRequest messageId:4 stepValueRequest:<stepText:"Tek y\303\266n u\303\247uss se\303\247ilir " > 
18-08-2020 13:04:31.769 [Gauge] [DEBUG] Sending API response: messageType:GetStepValueResponse messageId:4 stepValueResponse:<stepValue:<stepValue:"Tek y\303\266n u\303\247uss se\303\247ilir" parameterizedStepValue:"Tek y\303\266n u\303\247uss se\303\247ilir" > > 
18-08-2020 13:04:32.970 [Gauge] [DEBUG] Api Request Received: messageType:GetStepValueRequest messageId:4 stepValueRequest:<stepText:"Tek y\303\266n u\303\247us se\303\247ilir " > 
18-08-2020 13:04:32.970 [Gauge] [DEBUG] Sending API response: messageType:GetStepValueResponse messageId:4 stepValueResponse:<stepValue:<stepValue:"Tek y\303\266n u\303\247us se\303\247ilir" parameterizedStepValue:"Tek y\303\266n u\303\247us se\303\247ilir" > > 
18-08-2020 13:04:35.405 [Gauge] [DEBUG] Api Request Received: messageType:GetStepValueRequest messageId:4 stepValueRequest:<stepText:"Tek y\303\266n ucus se\303\247ilir " > 
18-08-2020 13:04:35.405 [Gauge] [DEBUG] Sending API response: messageType:GetStepValueResponse messageId:4 stepValueResponse:<stepValue:<stepValue:"Tek y\303\266n ucus se\303\247ilir" parameterizedStepValue:"Tek y\303\266n ucus se\303\247ilir" > > 
18-08-2020 13:04:38.770 [Gauge] [DEBUG] Api Request Received: messageType:GetStepValueRequest messageId:4 stepValueRequest:<stepText:"Tek y\303\266n ucus secilir " > 
18-08-2020 13:04:38.770 [Gauge] [DEBUG] Sending API response: messageType:GetStepValueResponse messageId:4 stepValueResponse:<stepValue:<stepValue:"Tek y\303\266n ucus secilir" parameterizedStepValue:"Tek y\303\266n ucus secilir" > > 
18-08-2020 13:06:29.118 [Gauge] [DEBUG] Api Request Received: messageType:GetStepValueRequest messageId:4 stepValueRequest:<stepText:"Y\303\266n bilgisi olarak SAW to ESB Se\303\247ilir " > 
18-08-2020 13:06:29.118 [Gauge] [DEBUG] Sending API response: messageType:GetStepValueResponse messageId:4 stepValueResponse:<stepValue:<stepValue:"Y\303\266n bilgisi olarak SAW to ESB Se\303\247ilir" parameterizedStepValue:"Y\303\266n bilgisi olarak SAW to ESB Se\303\247ilir" > > 
18-08-2020 13:06:32.920 [Gauge] [DEBUG] Api Request Received: messageType:GetStepValueRequest messageId:4 stepValueRequest:<stepText:"Y\303\266n bilgisi  SAW to ESB Se\303\247ilir " > 
18-08-2020 13:06:32.920 [Gauge] [DEBUG] Sending API response: messageType:GetStepValueResponse messageId:4 stepValueResponse:<stepValue:<stepValue:"Y\303\266n bilgisi  SAW to ESB Se\303\247ilir" parameterizedStepValue:"Y\303\266n bilgisi  SAW to ESB Se\303\247ilir" > > 
18-08-2020 13:06:35.458 [Gauge] [DEBUG] Api Request Received: messageType:GetStepValueRequest messageId:4 stepValueRequest:<stepText:"Y\303\266n bilgisi  SAW to ESB " > 
18-08-2020 13:06:35.458 [Gauge] [DEBUG] Sending API response: messageType:GetStepValueResponse messageId:4 stepValueResponse:<stepValue:<stepValue:"Y\303\266n bilgisi  SAW to ESB" parameterizedStepValue:"Y\303\266n bilgisi  SAW to ESB" > > 
18-08-2020 13:06:37.104 [Gauge] [DEBUG] Api Request Received: messageType:GetStepValueRequest messageId:4 stepValueRequest:<stepText:"Y\303\266n bilgisi  SAW to ESB" > 
18-08-2020 13:06:37.104 [Gauge] [DEBUG] Sending API response: messageType:GetStepValueResponse messageId:4 stepValueResponse:<stepValue:<stepValue:"Y\303\266n bilgisi  SAW to ESB" parameterizedStepValue:"Y\303\266n bilgisi  SAW to ESB" > > 
18-08-2020 13:06:38.402 [Gauge] [DEBUG] Api Request Received: messageType:GetStepValueRequest messageId:4 stepValueRequest:<stepText:"Y\303\266n bilgisi SAW to ESB" > 
18-08-2020 13:06:38.402 [Gauge] [DEBUG] Sending API response: messageType:GetStepValueResponse messageId:4 stepValueResponse:<stepValue:<stepValue:"Y\303\266n bilgisi SAW to ESB" parameterizedStepValue:"Y\303\266n bilgisi SAW to ESB" > > 
18-08-2020 13:07:26.277 [Gauge] [DEBUG] Api Request Received: messageType:GetStepValueRequest messageId:4 stepValueRequest:<stepText:"Tarih bilgisi g\303\274n\303\274n tarihinden 2 g\303\274n sonraya se\303\247ilir " > 
18-08-2020 13:07:26.277 [Gauge] [DEBUG] Sending API response: messageType:GetStepValueResponse messageId:4 stepValueResponse:<stepValue:<stepValue:"Tarih bilgisi g\303\274n\303\274n tarihinden 2 g\303\274n sonraya se\303\247ilir" parameterizedStepValue:"Tarih bilgisi g\303\274n\303\274n tarihinden 2 g\303\274n sonraya se\303\247ilir" > > 
18-08-2020 13:07:34.149 [Gauge] [DEBUG] Api Request Received: messageType:GetStepValueRequest messageId:4 stepValueRequest:<stepText:"Tarih bilgisi g\303\274n\303\274n tarihinden 2 g\303\274n sonray " > 
18-08-2020 13:07:34.149 [Gauge] [DEBUG] Sending API response: messageType:GetStepValueResponse messageId:4 stepValueResponse:<stepValue:<stepValue:"Tarih bilgisi g\303\274n\303\274n tarihinden 2 g\303\274n sonray" parameterizedStepValue:"Tarih bilgisi g\303\274n\303\274n tarihinden 2 g\303\274n sonray" > > 
18-08-2020 13:07:34.686 [Gauge] [DEBUG] Api Request Received: messageType:GetStepValueRequest messageId:4 stepValueRequest:<stepText:"Tarih bilgisi g\303\274n\303\274n tarihinden 2 g\303\274n sonra " > 
18-08-2020 13:07:34.687 [Gauge] [DEBUG] Sending API response: messageType:GetStepValueResponse messageId:4 stepValueResponse:<stepValue:<stepValue:"Tarih bilgisi g\303\274n\303\274n tarihinden 2 g\303\274n sonra" parameterizedStepValue:"Tarih bilgisi g\303\274n\303\274n tarihinden 2 g\303\274n sonra" > > 
18-08-2020 13:07:36.306 [Gauge] [DEBUG] Api Request Received: messageType:GetStepValueRequest messageId:4 stepValueRequest:<stepText:"Tarih bilgisi g\303\274n\303\274n tarihinden 2 g\303\274n sonra" > 
18-08-2020 13:07:36.306 [Gauge] [DEBUG] Sending API response: messageType:GetStepValueResponse messageId:4 stepValueResponse:<stepValue:<stepValue:"Tarih bilgisi g\303\274n\303\274n tarihinden 2 g\303\274n sonra" parameterizedStepValue:"Tarih bilgisi g\303\274n\303\274n tarihinden 2 g\303\274n sonra" > > 
18-08-2020 13:12:31.257 [Gauge] [DEBUG] Api Request Received: messageType:GetStepValueRequest messageId:4 stepValueRequest:<> 
18-08-2020 13:12:31.258 [Gauge] [DEBUG] Sending API response: messageType:GetStepValueResponse messageId:4 stepValueResponse:<stepValue:<> > 
18-08-2020 13:12:31.260 [Gauge] [DEBUG] Api Request Received: messageType:GetStepValueRequest messageId:4 stepValueRequest:<> 
18-08-2020 13:12:31.260 [Gauge] [DEBUG] Sending API response: messageType:GetStepValueResponse messageId:4 stepValueResponse:<stepValue:<> > 
18-08-2020 13:12:35.210 [Gauge] [DEBUG] Api Request Received: messageType:GetStepValueRequest messageId:4 stepValueRequest:<stepText:"Tek y\303\266n ucus secilir" > 
18-08-2020 13:12:35.210 [Gauge] [DEBUG] Sending API response: messageType:GetStepValueResponse messageId:4 stepValueResponse:<stepValue:<stepValue:"Tek y\303\266n ucus secilir" parameterizedStepValue:"Tek y\303\266n ucus secilir" > > 
18-08-2020 13:13:33.787 [Gauge] [DEBUG] Api Request Received: messageType:GetStepValueRequest messageId:4 stepValueRequest:<> 
18-08-2020 13:13:33.787 [Gauge] [DEBUG] Sending API response: messageType:GetStepValueResponse messageId:4 stepValueResponse:<stepValue:<> > 
18-08-2020 13:13:34.022 [Gauge] [DEBUG] Api Request Received: messageType:GetStepValueRequest messageId:4 stepValueRequest:<> 
18-08-2020 13:13:34.022 [Gauge] [DEBUG] Sending API response: messageType:GetStepValueResponse messageId:4 stepValueResponse:<stepValue:<> > 
18-08-2020 13:13:35.989 [Gauge] [DEBUG] Api Request Received: messageType:GetStepValueRequest messageId:4 stepValueRequest:<> 
18-08-2020 13:13:35.989 [Gauge] [DEBUG] Sending API response: messageType:GetStepValueResponse messageId:4 stepValueResponse:<stepValue:<> > 
18-08-2020 13:13:36.285 [Gauge] [DEBUG] Api Request Received: messageType:GetStepValueRequest messageId:4 stepValueRequest:<> 
18-08-2020 13:13:36.285 [Gauge] [DEBUG] Sending API response: messageType:GetStepValueResponse messageId:4 stepValueResponse:<stepValue:<> > 
18-08-2020 13:13:43.048 [Gauge] [DEBUG] Api Request Received: messageType:GetStepValueRequest messageId:4 stepValueRequest:<stepText:"Tamam butonuna t\304\261klan\304\261r" > 
18-08-2020 13:13:43.049 [Gauge] [DEBUG] Sending API response: messageType:GetStepValueResponse messageId:4 stepValueResponse:<stepValue:<stepValue:"Tamam butonuna t\304\261klan\304\261r" parameterizedStepValue:"Tamam butonuna t\304\261klan\304\261r" > > 
18-08-2020 13:14:25.333 [Gauge] [DEBUG] Api Request Received: messageType:GetStepValueRequest messageId:4 stepValueRequest:<stepText:"Yetis\314\247kin bilgisi 2 olarak se\303\247ilir " > 
18-08-2020 13:14:25.333 [Gauge] [DEBUG] Sending API response: messageType:GetStepValueResponse messageId:4 stepValueResponse:<stepValue:<stepValue:"Yetis\314\247kin bilgisi 2 olarak se\303\247ilir" parameterizedStepValue:"Yetis\314\247kin bilgisi 2 olarak se\303\247ilir" > > 
18-08-2020 13:15:22.476 [Gauge] [DEBUG] Api Request Received: messageType:GetStepValueRequest messageId:4 stepValueRequest:<stepText:"U\303\247us\314\247 ara butonuna t\304\261klan\304\261r" > 
18-08-2020 13:15:22.477 [Gauge] [DEBUG] Sending API response: messageType:GetStepValueResponse messageId:4 stepValueResponse:<stepValue:<stepValue:"U\303\247us\314\247 ara butonuna t\304\261klan\304\261r" parameterizedStepValue:"U\303\247us\314\247 ara butonuna t\304\261klan\304\261r" > > 
18-08-2020 13:15:25.025 [Gauge] [DEBUG] Api Request Received: messageType:GetStepValueRequest messageId:4 stepValueRequest:<stepText:"U\303\247u\314\247 ara butonuna t\304\261klan\304\261r" > 
18-08-2020 13:15:25.025 [Gauge] [DEBUG] Sending API response: messageType:GetStepValueResponse messageId:4 stepValueResponse:<stepValue:<stepValue:"U\303\247u\314\247 ara butonuna t\304\261klan\304\261r" parameterizedStepValue:"U\303\247u\314\247 ara butonuna t\304\261klan\304\261r" > > 
18-08-2020 13:15:26.946 [Gauge] [DEBUG] Api Request Received: messageType:GetStepValueRequest messageId:4 stepValueRequest:<stepText:"U\303\247u\305\237\314\247 ara butonuna t\304\261klan\304\261r" > 
18-08-2020 13:15:26.946 [Gauge] [DEBUG] Sending API response: messageType:GetStepValueResponse messageId:4 stepValueResponse:<stepValue:<stepValue:"U\303\247u\305\237\314\247 ara butonuna t\304\261klan\304\261r" parameterizedStepValue:"U\303\247u\305\237\314\247 ara butonuna t\304\261klan\304\261r" > > 
18-08-2020 13:15:31.447 [Gauge] [DEBUG] Api Request Received: messageType:GetStepValueRequest messageId:4 stepValueRequest:<stepText:"U\303\247us ara butonuna t\304\261klan\304\261r" > 
18-08-2020 13:15:31.448 [Gauge] [DEBUG] Sending API response: messageType:GetStepValueResponse messageId:4 stepValueResponse:<stepValue:<stepValue:"U\303\247us ara butonuna t\304\261klan\304\261r" parameterizedStepValue:"U\303\247us ara butonuna t\304\261klan\304\261r" > > 
18-08-2020 13:15:40.057 [Gauge] [DEBUG] Api Request Received: messageType:GetStepValueRequest messageId:4 stepValueRequest:<stepText:"Ucus ara butonuna t\304\261klan\304\261r" > 
18-08-2020 13:15:40.057 [Gauge] [DEBUG] Sending API response: messageType:GetStepValueResponse messageId:4 stepValueResponse:<stepValue:<stepValue:"Ucus ara butonuna t\304\261klan\304\261r" parameterizedStepValue:"Ucus ara butonuna t\304\261klan\304\261r" > > 
18-08-2020 13:17:05.298 [Gauge] [DEBUG] Api Request Received: messageType:GetStepValueRequest messageId:4 stepValueRequest:<stepText:"U\303\247us\314\247lar\304\261n listelendi\304\237i kontrol edilir" > 
18-08-2020 13:17:05.298 [Gauge] [DEBUG] Sending API response: messageType:GetStepValueResponse messageId:4 stepValueResponse:<stepValue:<stepValue:"U\303\247us\314\247lar\304\261n listelendi\304\237i kontrol edilir" parameterizedStepValue:"U\303\247us\314\247lar\304\261n listelendi\304\237i kontrol edilir" > > 
18-08-2020 13:17:08.975 [Gauge] [DEBUG] Api Request Received: messageType:GetStepValueRequest messageId:4 stepValueRequest:<stepText:"U\303\247uslar\304\261n listelendi\304\237i kontrol edilir" > 
18-08-2020 13:17:08.975 [Gauge] [DEBUG] Sending API response: messageType:GetStepValueResponse messageId:4 stepValueResponse:<stepValue:<stepValue:"U\303\247uslar\304\261n listelendi\304\237i kontrol edilir" parameterizedStepValue:"U\303\247uslar\304\261n listelendi\304\237i kontrol edilir" > > 
18-08-2020 13:17:46.383 [Gauge] [DEBUG] Api Request Received: messageType:GetStepValueRequest messageId:4 stepValueRequest:<stepText:"Ekonomik u\303\247us\314\247 se\303\247ilir" > 
18-08-2020 13:17:46.383 [Gauge] [DEBUG] Sending API response: messageType:GetStepValueResponse messageId:4 stepValueResponse:<stepValue:<stepValue:"Ekonomik u\303\247us\314\247 se\303\247ilir" parameterizedStepValue:"Ekonomik u\303\247us\314\247 se\303\247ilir" > > 
18-08-2020 13:17:48.601 [Gauge] [DEBUG] Api Request Received: messageType:GetStepValueRequest messageId:4 stepValueRequest:<stepText:"Ekonomik u\303\247us se\303\247ilir" > 
18-08-2020 13:17:48.601 [Gauge] [DEBUG] Sending API response: messageType:GetStepValueResponse messageId:4 stepValueResponse:<stepValue:<stepValue:"Ekonomik u\303\247us se\303\247ilir" parameterizedStepValue:"Ekonomik u\303\247us se\303\247ilir" > > 
18-08-2020 13:19:12.358 [Gauge] [DEBUG] Api Request Received: messageType:GetStepValueRequest messageId:4 stepValueRequest:<stepText:"Devam butonuna t\304\261klan\304\261r." > 
18-08-2020 13:19:12.358 [Gauge] [DEBUG] Sending API response: messageType:GetStepValueResponse messageId:4 stepValueResponse:<stepValue:<stepValue:"Devam butonuna t\304\261klan\304\261r." parameterizedStepValue:"Devam butonuna t\304\261klan\304\261r." > > 
18-08-2020 13:19:13.336 [Gauge] [DEBUG] Api Request Received: messageType:GetStepValueRequest messageId:4 stepValueRequest:<stepText:"Devam butonuna t\304\261klan\304\261r" > 
18-08-2020 13:19:13.336 [Gauge] [DEBUG] Sending API response: messageType:GetStepValueResponse messageId:4 stepValueResponse:<stepValue:<stepValue:"Devam butonuna t\304\261klan\304\261r" parameterizedStepValue:"Devam butonuna t\304\261klan\304\261r" > > 
18-08-2020 13:20:16.642 [Gauge] [DEBUG] Api Request Received: messageType:GetStepValueRequest messageId:4 stepValueRequest:<stepText:"Yolcu ekle alan\304\261 doldurulur ve devam butonuna t\304\261klan\304\261r" > 
18-08-2020 13:20:16.642 [Gauge] [DEBUG] Sending API response: messageType:GetStepValueResponse messageId:4 stepValueResponse:<stepValue:<stepValue:"Yolcu ekle alan\304\261 doldurulur ve devam butonuna t\304\261klan\304\261r" parameterizedStepValue:"Yolcu ekle alan\304\261 doldurulur ve devam butonuna t\304\261klan\304\261r" > > 
18-08-2020 13:21:22.086 [Gauge] [DEBUG] Api Request Received: messageType:GetStepValueRequest messageId:4 stepValueRequest:<stepText:"Yetiskin bilgisi 2 olarak se\303\247ilir " > 
18-08-2020 13:21:22.086 [Gauge] [DEBUG] Sending API response: messageType:GetStepValueResponse messageId:4 stepValueResponse:<stepValue:<stepValue:"Yetiskin bilgisi 2 olarak se\303\247ilir" parameterizedStepValue:"Yetiskin bilgisi 2 olarak se\303\247ilir" > > 
18-08-2020 13:21:46.047 [Gauge] [INFO] Spec file added / modified: C:\Users\testinium\Desktop\THYMobilTest\specs\example.spec
18-08-2020 13:21:46.063 [Gauge] [INFO] Spec file added / modified: C:\Users\testinium\Desktop\THYMobilTest\specs\example.spec
18-08-2020 13:21:51.497 [Gauge] [INFO] Spec file added / modified: C:\Users\testinium\Desktop\THYMobilTest\specs\example.spec
18-08-2020 13:21:51.499 [Gauge] [INFO] Spec file added / modified: C:\Users\testinium\Desktop\THYMobilTest\specs\example.spec
18-08-2020 13:21:54.769 [Gauge] [DEBUG] Api Request Received: messageType:GetAllStepsRequest messageId:2 allStepsRequest:<> 
18-08-2020 13:21:54.770 [Gauge] [DEBUG] Sending API response: messageType:GetAllStepResponse messageId:2 allStepsResponse:<allSteps:<stepValue:"start" parameterizedStepValue:"start" > allSteps:<> > 
18-08-2020 13:21:54.774 [Gauge] [DEBUG] Api Request Received: messageType:GetAllConceptsRequest messageId:6 allConceptsRequest:<> 
18-08-2020 13:21:54.775 [Gauge] [DEBUG] Sending API response: messageType:GetAllConceptsResponse messageId:6 allConceptsResponse:<> 
18-08-2020 13:21:57.383 [Gauge] [INFO] Spec file added / modified: C:\Users\testinium\Desktop\THYMobilTest\specs\example.spec
18-08-2020 13:21:57.388 [Gauge] [INFO] Spec file added / modified: C:\Users\testinium\Desktop\THYMobilTest\specs\example.spec
18-08-2020 13:22:00.125 [Gauge] [DEBUG] Api Request Received: messageType:GetAllStepsRequest messageId:2 allStepsRequest:<> 
18-08-2020 13:22:00.126 [Gauge] [DEBUG] Sending API response: messageType:GetAllStepResponse messageId:2 allStepsResponse:<allSteps:<stepValue:"start" parameterizedStepValue:"start" > allSteps:<stepValue:"Bilet al butonuna t\304\261klan\304\261r" parameterizedStepValue:"Bilet al butonuna t\304\261klan\304\261r" > > 
18-08-2020 13:22:00.126 [Gauge] [DEBUG] Api Request Received: messageType:GetAllConceptsRequest messageId:6 allConceptsRequest:<> 
18-08-2020 13:22:00.126 [Gauge] [DEBUG] Sending API response: messageType:GetAllConceptsResponse messageId:6 allConceptsResponse:<> 
18-08-2020 13:22:13.657 [Gauge] [DEBUG] Api Request Received: messageType:GetAllStepsRequest messageId:2 allStepsRequest:<> 
18-08-2020 13:22:13.657 [Gauge] [DEBUG] Sending API response: messageType:GetAllStepResponse messageId:2 allStepsResponse:<allSteps:<stepValue:"start" parameterizedStepValue:"start" > allSteps:<stepValue:"Bilet al butonuna t\304\261klan\304\261r" parameterizedStepValue:"Bilet al butonuna t\304\261klan\304\261r" > > 
18-08-2020 13:22:13.657 [Gauge] [DEBUG] Api Request Received: messageType:GetAllConceptsRequest messageId:6 allConceptsRequest:<> 
18-08-2020 13:22:13.657 [Gauge] [DEBUG] Sending API response: messageType:GetAllConceptsResponse messageId:6 allConceptsResponse:<> 
18-08-2020 13:22:16.830 [Gauge] [INFO] Spec file added / modified: C:\Users\testinium\Desktop\THYMobilTest\specs\example.spec
18-08-2020 13:22:16.833 [Gauge] [INFO] Spec file added / modified: C:\Users\testinium\Desktop\THYMobilTest\specs\example.spec
18-08-2020 13:22:23.673 [Gauge] [DEBUG] Api Request Received: messageType:GetAllStepsRequest messageId:2 allStepsRequest:<> 
18-08-2020 13:22:23.673 [Gauge] [DEBUG] Sending API response: messageType:GetAllStepResponse messageId:2 allStepsResponse:<allSteps:<stepValue:"start" parameterizedStepValue:"start" > allSteps:<stepValue:"Bilet al butonuna t\304\261klan\304\261r" parameterizedStepValue:"Bilet al butonuna t\304\261klan\304\261r" > allSteps:<stepValue:"Tek y\303\266n ucus secilir" parameterizedStepValue:"Tek y\303\266n ucus secilir" > > 
18-08-2020 13:22:23.673 [Gauge] [DEBUG] Api Request Received: messageType:GetAllConceptsRequest messageId:6 allConceptsRequest:<> 
18-08-2020 13:22:23.673 [Gauge] [DEBUG] Sending API response: messageType:GetAllConceptsResponse messageId:6 allConceptsResponse:<> 
18-08-2020 13:22:26.877 [Gauge] [INFO] Spec file added / modified: C:\Users\testinium\Desktop\THYMobilTest\specs\example.spec
18-08-2020 13:22:26.882 [Gauge] [INFO] Spec file added / modified: C:\Users\testinium\Desktop\THYMobilTest\specs\example.spec
18-08-2020 13:22:33.401 [Gauge] [DEBUG] Api Request Received: messageType:GetAllStepsRequest messageId:2 allStepsRequest:<> 
18-08-2020 13:22:33.401 [Gauge] [DEBUG] Sending API response: messageType:GetAllStepResponse messageId:2 allStepsResponse:<allSteps:<stepValue:"Tek y\303\266n ucus secilir" parameterizedStepValue:"Tek y\303\266n ucus secilir" > allSteps:<stepValue:"Y\303\266n bilgisi SAW to ESB" parameterizedStepValue:"Y\303\266n bilgisi SAW to ESB" > allSteps:<stepValue:"start" parameterizedStepValue:"start" > allSteps:<stepValue:"Bilet al butonuna t\304\261klan\304\261r" parameterizedStepValue:"Bilet al butonuna t\304\261klan\304\261r" > > 
18-08-2020 13:22:33.402 [Gauge] [DEBUG] Api Request Received: messageType:GetAllConceptsRequest messageId:6 allConceptsRequest:<> 
18-08-2020 13:22:33.402 [Gauge] [DEBUG] Sending API response: messageType:GetAllConceptsResponse messageId:6 allConceptsResponse:<> 
18-08-2020 13:22:37.730 [Gauge] [INFO] Spec file added / modified: C:\Users\testinium\Desktop\THYMobilTest\specs\example.spec
18-08-2020 13:22:37.733 [Gauge] [INFO] Spec file added / modified: C:\Users\testinium\Desktop\THYMobilTest\specs\example.spec
18-08-2020 13:22:44.529 [Gauge] [DEBUG] Api Request Received: messageType:GetAllStepsRequest messageId:2 allStepsRequest:<> 
18-08-2020 13:22:44.529 [Gauge] [DEBUG] Sending API response: messageType:GetAllStepResponse messageId:2 allStepsResponse:<allSteps:<stepValue:"Tek y\303\266n ucus secilir" parameterizedStepValue:"Tek y\303\266n ucus secilir" > allSteps:<stepValue:"Y\303\266n bilgisi SAW to ESB" parameterizedStepValue:"Y\303\266n bilgisi SAW to ESB" > allSteps:<stepValue:"Tarih bilgisi g\303\274n\303\274n tarihinden 2 g\303\274n sonra" parameterizedStepValue:"Tarih bilgisi g\303\274n\303\274n tarihinden 2 g\303\274n sonra" > allSteps:<stepValue:"start" parameterizedStepValue:"start" > allSteps:<stepValue:"Bilet al butonuna t\304\261klan\304\261r" parameterizedStepValue:"Bilet al butonuna t\304\261klan\304\261r" > > 
18-08-2020 13:22:44.529 [Gauge] [DEBUG] Api Request Received: messageType:GetAllConceptsRequest messageId:6 allConceptsRequest:<> 
18-08-2020 13:22:44.529 [Gauge] [DEBUG] Sending API response: messageType:GetAllConceptsResponse messageId:6 allConceptsResponse:<> 
18-08-2020 13:22:47.111 [Gauge] [INFO] Spec file added / modified: C:\Users\testinium\Desktop\THYMobilTest\specs\example.spec
18-08-2020 13:22:47.114 [Gauge] [INFO] Spec file added / modified: C:\Users\testinium\Desktop\THYMobilTest\specs\example.spec
18-08-2020 13:22:48.672 [Gauge] [DEBUG] Api Request Received: messageType:GetAllStepsRequest messageId:2 allStepsRequest:<> 
18-08-2020 13:22:48.672 [Gauge] [DEBUG] Sending API response: messageType:GetAllStepResponse messageId:2 allStepsResponse:<allSteps:<stepValue:"start" parameterizedStepValue:"start" > allSteps:<stepValue:"Bilet al butonuna t\304\261klan\304\261r" parameterizedStepValue:"Bilet al butonuna t\304\261klan\304\261r" > allSteps:<stepValue:"Tek y\303\266n ucus secilir" parameterizedStepValue:"Tek y\303\266n ucus secilir" > allSteps:<stepValue:"Y\303\266n bilgisi SAW to ESB" parameterizedStepValue:"Y\303\266n bilgisi SAW to ESB" > allSteps:<stepValue:"Tarih bilgisi g\303\274n\303\274n tarihinden 2 g\303\274n sonra" parameterizedStepValue:"Tarih bilgisi g\303\274n\303\274n tarihinden 2 g\303\274n sonra" > allSteps:<stepValue:"Tamam butonuna t\304\261klan\304\261r" parameterizedStepValue:"Tamam butonuna t\304\261klan\304\261r" > > 
18-08-2020 13:22:48.673 [Gauge] [DEBUG] Api Request Received: messageType:GetAllConceptsRequest messageId:6 allConceptsRequest:<> 
18-08-2020 13:22:48.673 [Gauge] [DEBUG] Sending API response: messageType:GetAllConceptsResponse messageId:6 allConceptsResponse:<> 
18-08-2020 13:22:50.353 [Gauge] [DEBUG] Api Request Received: messageType:GetStepValueRequest messageId:4 stepValueRequest:<stepText:"Yetiskin bilgisi 2 olarak se\303\247ilir" > 
18-08-2020 13:22:50.353 [Gauge] [DEBUG] Sending API response: messageType:GetStepValueResponse messageId:4 stepValueResponse:<stepValue:<stepValue:"Yetiskin bilgisi 2 olarak se\303\247ilir" parameterizedStepValue:"Yetiskin bilgisi 2 olarak se\303\247ilir" > > 
18-08-2020 13:22:50.808 [Gauge] [INFO] Spec file added / modified: C:\Users\testinium\Desktop\THYMobilTest\specs\example.spec
18-08-2020 13:22:50.820 [Gauge] [INFO] Spec file added / modified: C:\Users\testinium\Desktop\THYMobilTest\specs\example.spec
18-08-2020 13:22:58.772 [Gauge] [DEBUG] Api Request Received: messageType:GetAllStepsRequest messageId:2 allStepsRequest:<> 
18-08-2020 13:22:58.772 [Gauge] [DEBUG] Sending API response: messageType:GetAllStepResponse messageId:2 allStepsResponse:<allSteps:<stepValue:"start" parameterizedStepValue:"start" > allSteps:<stepValue:"Bilet al butonuna t\304\261klan\304\261r" parameterizedStepValue:"Bilet al butonuna t\304\261klan\304\261r" > allSteps:<stepValue:"Tek y\303\266n ucus secilir" parameterizedStepValue:"Tek y\303\266n ucus secilir" > allSteps:<stepValue:"Y\303\266n bilgisi SAW to ESB" parameterizedStepValue:"Y\303\266n bilgisi SAW to ESB" > allSteps:<stepValue:"Tarih bilgisi g\303\274n\303\274n tarihinden 2 g\303\274n sonra" parameterizedStepValue:"Tarih bilgisi g\303\274n\303\274n tarihinden 2 g\303\274n sonra" > allSteps:<stepValue:"Tamam butonuna t\304\261klan\304\261r" parameterizedStepValue:"Tamam butonuna t\304\261klan\304\261r" > allSteps:<stepValue:"Yetiskin bilgisi 2 olarak se\303\247ilir" parameterizedStepValue:"Yetiskin bilgisi 2 olarak se\303\247ilir" > > 
18-08-2020 13:22:58.772 [Gauge] [DEBUG] Api Request Received: messageType:GetAllConceptsRequest messageId:6 allConceptsRequest:<> 
18-08-2020 13:22:58.772 [Gauge] [DEBUG] Sending API response: messageType:GetAllConceptsResponse messageId:6 allConceptsResponse:<> 
18-08-2020 13:23:04.749 [Gauge] [INFO] Spec file added / modified: C:\Users\testinium\Desktop\THYMobilTest\specs\example.spec
18-08-2020 13:23:04.752 [Gauge] [INFO] Spec file added / modified: C:\Users\testinium\Desktop\THYMobilTest\specs\example.spec
18-08-2020 13:23:06.109 [Gauge] [DEBUG] Api Request Received: messageType:GetAllStepsRequest messageId:2 allStepsRequest:<> 
18-08-2020 13:23:06.110 [Gauge] [DEBUG] Sending API response: messageType:GetAllStepResponse messageId:2 allStepsResponse:<allSteps:<stepValue:"Tarih bilgisi g\303\274n\303\274n tarihinden 2 g\303\274n sonra" parameterizedStepValue:"Tarih bilgisi g\303\274n\303\274n tarihinden 2 g\303\274n sonra" > allSteps:<stepValue:"Tamam butonuna t\304\261klan\304\261r" parameterizedStepValue:"Tamam butonuna t\304\261klan\304\261r" > allSteps:<stepValue:"Yetiskin bilgisi 2 olarak se\303\247ilir" parameterizedStepValue:"Yetiskin bilgisi 2 olarak se\303\247ilir" > allSteps:<stepValue:"Ucus ara butonuna t\304\261klan\304\261r" parameterizedStepValue:"Ucus ara butonuna t\304\261klan\304\261r" > allSteps:<stepValue:"start" parameterizedStepValue:"start" > allSteps:<stepValue:"Bilet al butonuna t\304\261klan\304\261r" parameterizedStepValue:"Bilet al butonuna t\304\261klan\304\261r" > allSteps:<stepValue:"Tek y\303\266n ucus secilir" parameterizedStepValue:"Tek y\303\266n ucus secilir" > allSteps:<stepValue:"Y\303\266n bilgisi SAW to ESB" parameterizedStepValue:"Y\303\266n bilgisi SAW to ESB" > > 
18-08-2020 13:23:06.110 [Gauge] [DEBUG] Api Request Received: messageType:GetAllConceptsRequest messageId:6 allConceptsRequest:<> 
18-08-2020 13:23:06.110 [Gauge] [DEBUG] Sending API response: messageType:GetAllConceptsResponse messageId:6 allConceptsResponse:<> 
18-08-2020 13:23:08.046 [Gauge] [INFO] Spec file added / modified: C:\Users\testinium\Desktop\THYMobilTest\specs\example.spec
18-08-2020 13:23:08.048 [Gauge] [INFO] Spec file added / modified: C:\Users\testinium\Desktop\THYMobilTest\specs\example.spec
18-08-2020 13:23:15.717 [Gauge] [DEBUG] Api Request Received: messageType:GetAllStepsRequest messageId:2 allStepsRequest:<> 
18-08-2020 13:23:15.717 [Gauge] [DEBUG] Sending API response: messageType:GetAllStepResponse messageId:2 allStepsResponse:<allSteps:<stepValue:"Tek y\303\266n ucus secilir" parameterizedStepValue:"Tek y\303\266n ucus secilir" > allSteps:<stepValue:"Y\303\266n bilgisi SAW to ESB" parameterizedStepValue:"Y\303\266n bilgisi SAW to ESB" > allSteps:<stepValue:"start" parameterizedStepValue:"start" > allSteps:<stepValue:"Bilet al butonuna t\304\261klan\304\261r" parameterizedStepValue:"Bilet al butonuna t\304\261klan\304\261r" > allSteps:<stepValue:"Tarih bilgisi g\303\274n\303\274n tarihinden 2 g\303\274n sonra" parameterizedStepValue:"Tarih bilgisi g\303\274n\303\274n tarihinden 2 g\303\274n sonra" > allSteps:<stepValue:"Tamam butonuna t\304\261klan\304\261r" parameterizedStepValue:"Tamam butonuna t\304\261klan\304\261r" > allSteps:<stepValue:"Yetiskin bilgisi 2 olarak se\303\247ilir" parameterizedStepValue:"Yetiskin bilgisi 2 olarak se\303\247ilir" > allSteps:<stepValue:"Ucus ara butonuna t\304\261klan\304\261r" parameterizedStepValue:"Ucus ara butonuna t\304\261klan\304\261r" > allSteps:<stepValue:"U\303\247uslar\304\261n listelendi\304\237i kontrol edilir" parameterizedStepValue:"U\303\247uslar\304\261n listelendi\304\237i kontrol edilir" > > 
18-08-2020 13:23:15.718 [Gauge] [DEBUG] Api Request Received: messageType:GetAllConceptsRequest messageId:6 allConceptsRequest:<> 
18-08-2020 13:23:15.718 [Gauge] [DEBUG] Sending API response: messageType:GetAllConceptsResponse messageId:6 allConceptsResponse:<> 
18-08-2020 13:23:17.760 [Gauge] [INFO] Spec file added / modified: C:\Users\testinium\Desktop\THYMobilTest\specs\example.spec
18-08-2020 13:23:17.762 [Gauge] [INFO] Spec file added / modified: C:\Users\testinium\Desktop\THYMobilTest\specs\example.spec
18-08-2020 13:23:18.865 [Gauge] [DEBUG] Api Request Received: messageType:GetAllStepsRequest messageId:2 allStepsRequest:<> 
18-08-2020 13:23:18.866 [Gauge] [DEBUG] Sending API response: messageType:GetAllStepResponse messageId:2 allStepsResponse:<allSteps:<stepValue:"Tarih bilgisi g\303\274n\303\274n tarihinden 2 g\303\274n sonra" parameterizedStepValue:"Tarih bilgisi g\303\274n\303\274n tarihinden 2 g\303\274n sonra" > allSteps:<stepValue:"U\303\247uslar\304\261n listelendi\304\237i kontrol edilir" parameterizedStepValue:"U\303\247uslar\304\261n listelendi\304\237i kontrol edilir" > allSteps:<stepValue:"Ekonomik u\303\247us se\303\247ilir" parameterizedStepValue:"Ekonomik u\303\247us se\303\247ilir" > allSteps:<stepValue:"start" parameterizedStepValue:"start" > allSteps:<stepValue:"Bilet al butonuna t\304\261klan\304\261r" parameterizedStepValue:"Bilet al butonuna t\304\261klan\304\261r" > allSteps:<stepValue:"Tek y\303\266n ucus secilir" parameterizedStepValue:"Tek y\303\266n ucus secilir" > allSteps:<stepValue:"Y\303\266n bilgisi SAW to ESB" parameterizedStepValue:"Y\303\266n bilgisi SAW to ESB" > allSteps:<stepValue:"Tamam butonuna t\304\261klan\304\261r" parameterizedStepValue:"Tamam butonuna t\304\261klan\304\261r" > allSteps:<stepValue:"Yetiskin bilgisi 2 olarak se\303\247ilir" parameterizedStepValue:"Yetiskin bilgisi 2 olarak se\303\247ilir" > allSteps:<stepValue:"Ucus ara butonuna t\304\261klan\304\261r" parameterizedStepValue:"Ucus ara butonuna t\304\261klan\304\261r" > > 
18-08-2020 13:23:18.866 [Gauge] [DEBUG] Api Request Received: messageType:GetAllConceptsRequest messageId:6 allConceptsRequest:<> 
18-08-2020 13:23:18.874 [Gauge] [DEBUG] Sending API response: messageType:GetAllConceptsResponse messageId:6 allConceptsResponse:<> 
18-08-2020 13:23:20.876 [Gauge] [INFO] Spec file added / modified: C:\Users\testinium\Desktop\THYMobilTest\specs\example.spec
18-08-2020 13:23:20.879 [Gauge] [INFO] Spec file added / modified: C:\Users\testinium\Desktop\THYMobilTest\specs\example.spec
18-08-2020 13:23:30.506 [Gauge] [DEBUG] Api Request Received: messageType:GetAllStepsRequest messageId:2 allStepsRequest:<> 
18-08-2020 13:23:30.514 [Gauge] [DEBUG] Sending API response: messageType:GetAllStepResponse messageId:2 allStepsResponse:<allSteps:<stepValue:"Yetiskin bilgisi 2 olarak se\303\247ilir" parameterizedStepValue:"Yetiskin bilgisi 2 olarak se\303\247ilir" > allSteps:<stepValue:"U\303\247uslar\304\261n listelendi\304\237i kontrol edilir" parameterizedStepValue:"U\303\247uslar\304\261n listelendi\304\237i kontrol edilir" > allSteps:<stepValue:"Bilet al butonuna t\304\261klan\304\261r" parameterizedStepValue:"Bilet al butonuna t\304\261klan\304\261r" > allSteps:<stepValue:"Tamam butonuna t\304\261klan\304\261r" parameterizedStepValue:"Tamam butonuna t\304\261klan\304\261r" > allSteps:<stepValue:"Y\303\266n bilgisi SAW to ESB" parameterizedStepValue:"Y\303\266n bilgisi SAW to ESB" > allSteps:<stepValue:"Tarih bilgisi g\303\274n\303\274n tarihinden 2 g\303\274n sonra" parameterizedStepValue:"Tarih bilgisi g\303\274n\303\274n tarihinden 2 g\303\274n sonra" > allSteps:<stepValue:"Ucus ara butonuna t\304\261klan\304\261r" parameterizedStepValue:"Ucus ara butonuna t\304\261klan\304\261r" > allSteps:<stepValue:"Ekonomik u\303\247us se\303\247ilir" parameterizedStepValue:"Ekonomik u\303\247us se\303\247ilir" > allSteps:<stepValue:"Devam butonuna t\304\261klan\304\261r" parameterizedStepValue:"Devam butonuna t\304\261klan\304\261r" > allSteps:<stepValue:"start" parameterizedStepValue:"start" > allSteps:<stepValue:"Tek y\303\266n ucus secilir" parameterizedStepValue:"Tek y\303\266n ucus secilir" > > 
18-08-2020 13:23:30.515 [Gauge] [DEBUG] Api Request Received: messageType:GetAllConceptsRequest messageId:6 allConceptsRequest:<> 
18-08-2020 13:23:30.515 [Gauge] [DEBUG] Sending API response: messageType:GetAllConceptsResponse messageId:6 allConceptsResponse:<> 
18-08-2020 13:23:31.527 [Gauge] [DEBUG] Api Request Received: messageType:GetAllStepsRequest messageId:2 allStepsRequest:<> 
18-08-2020 13:23:31.528 [Gauge] [DEBUG] Sending API response: messageType:GetAllStepResponse messageId:2 allStepsResponse:<allSteps:<stepValue:"Y\303\266n bilgisi SAW to ESB" parameterizedStepValue:"Y\303\266n bilgisi SAW to ESB" > allSteps:<stepValue:"Tarih bilgisi g\303\274n\303\274n tarihinden 2 g\303\274n sonra" parameterizedStepValue:"Tarih bilgisi g\303\274n\303\274n tarihinden 2 g\303\274n sonra" > allSteps:<stepValue:"Tamam butonuna t\304\261klan\304\261r" parameterizedStepValue:"Tamam butonuna t\304\261klan\304\261r" > allSteps:<stepValue:"Yetiskin bilgisi 2 olarak se\303\247ilir" parameterizedStepValue:"Yetiskin bilgisi 2 olarak se\303\247ilir" > allSteps:<stepValue:"Ekonomik u\303\247us se\303\247ilir" parameterizedStepValue:"Ekonomik u\303\247us se\303\247ilir" > allSteps:<stepValue:"Devam butonuna t\304\261klan\304\261r" parameterizedStepValue:"Devam butonuna t\304\261klan\304\261r" > allSteps:<stepValue:"start" parameterizedStepValue:"start" > allSteps:<stepValue:"Bilet al butonuna t\304\261klan\304\261r" parameterizedStepValue:"Bilet al butonuna t\304\261klan\304\261r" > allSteps:<stepValue:"Tek y\303\266n ucus secilir" parameterizedStepValue:"Tek y\303\266n ucus secilir" > allSteps:<stepValue:"Ucus ara butonuna t\304\261klan\304\261r" parameterizedStepValue:"Ucus ara butonuna t\304\261klan\304\261r" > allSteps:<stepValue:"U\303\247uslar\304\261n listelendi\304\237i kontrol edilir" parameterizedStepValue:"U\303\247uslar\304\261n listelendi\304\237i kontrol edilir" > > 
18-08-2020 13:23:31.535 [Gauge] [DEBUG] Api Request Received: messageType:GetAllConceptsRequest messageId:6 allConceptsRequest:<> 
18-08-2020 13:23:31.535 [Gauge] [DEBUG] Sending API response: messageType:GetAllConceptsResponse messageId:6 allConceptsResponse:<> 
18-08-2020 13:23:39.872 [Gauge] [INFO] Spec file added / modified: C:\Users\testinium\Desktop\THYMobilTest\specs\example.spec
18-08-2020 13:23:39.875 [Gauge] [INFO] Spec file added / modified: C:\Users\testinium\Desktop\THYMobilTest\specs\example.spec
18-08-2020 13:26:29.549 [Gauge] [DEBUG] Api Request Received: messageType:GetStepValueRequest messageId:4 stepValueRequest:<stepText:"Yetiskin bilgisi 2 olarak seilir " > 
18-08-2020 13:26:29.549 [Gauge] [DEBUG] Sending API response: messageType:GetStepValueResponse messageId:4 stepValueResponse:<stepValue:<stepValue:"Yetiskin bilgisi 2 olarak seilir" parameterizedStepValue:"Yetiskin bilgisi 2 olarak seilir" > > 
18-08-2020 13:26:29.923 [Gauge] [DEBUG] Api Request Received: messageType:GetStepValueRequest messageId:4 stepValueRequest:<stepText:"Yetiskin bilgisi 2 olarak secilir " > 
18-08-2020 13:26:29.923 [Gauge] [DEBUG] Sending API response: messageType:GetStepValueResponse messageId:4 stepValueResponse:<stepValue:<stepValue:"Yetiskin bilgisi 2 olarak secilir" parameterizedStepValue:"Yetiskin bilgisi 2 olarak secilir" > > 
18-08-2020 13:26:35.854 [Gauge] [DEBUG] Api Request Received: messageType:GetStepValueRequest messageId:4 stepValueRequest:<stepText:"Ucuslar\304\261n listelendi\304\237i kontrol edilir" > 
18-08-2020 13:26:35.854 [Gauge] [DEBUG] Sending API response: messageType:GetStepValueResponse messageId:4 stepValueResponse:<stepValue:<stepValue:"Ucuslar\304\261n listelendi\304\237i kontrol edilir" parameterizedStepValue:"Ucuslar\304\261n listelendi\304\237i kontrol edilir" > > 
18-08-2020 13:26:40.855 [Gauge] [DEBUG] Api Request Received: messageType:GetStepValueRequest messageId:4 stepValueRequest:<stepText:"Ekonomik ucus se\303\247ilir" > 
18-08-2020 13:26:40.855 [Gauge] [DEBUG] Sending API response: messageType:GetStepValueResponse messageId:4 stepValueResponse:<stepValue:<stepValue:"Ekonomik ucus se\303\247ilir" parameterizedStepValue:"Ekonomik ucus se\303\247ilir" > > 
18-08-2020 13:26:44.180 [Gauge] [DEBUG] Api Request Received: messageType:GetStepValueRequest messageId:4 stepValueRequest:<stepText:"Ekonomik ucus secilir" > 
18-08-2020 13:26:44.180 [Gauge] [DEBUG] Sending API response: messageType:GetStepValueResponse messageId:4 stepValueResponse:<stepValue:<stepValue:"Ekonomik ucus secilir" parameterizedStepValue:"Ekonomik ucus secilir" > > 
18-08-2020 13:26:56.175 [Gauge] [DEBUG] Api Request Received: messageType:GetAllStepsRequest messageId:2 allStepsRequest:<> 
18-08-2020 13:26:56.175 [Gauge] [DEBUG] Sending API response: messageType:GetAllStepResponse messageId:2 allStepsResponse:<allSteps:<stepValue:"Yetiskin bilgisi 2 olarak se\303\247ilir" parameterizedStepValue:"Yetiskin bilgisi 2 olarak se\303\247ilir" > allSteps:<stepValue:"U\303\247uslar\304\261n listelendi\304\237i kontrol edilir" parameterizedStepValue:"U\303\247uslar\304\261n listelendi\304\237i kontrol edilir" > allSteps:<stepValue:"Ekonomik u\303\247us se\303\247ilir" parameterizedStepValue:"Ekonomik u\303\247us se\303\247ilir" > allSteps:<stepValue:"Devam butonuna t\304\261klan\304\261r" parameterizedStepValue:"Devam butonuna t\304\261klan\304\261r" > allSteps:<stepValue:"Tamam butonuna t\304\261klan\304\261r" parameterizedStepValue:"Tamam butonuna t\304\261klan\304\261r" > allSteps:<stepValue:"Ucus ara butonuna t\304\261klan\304\261r" parameterizedStepValue:"Ucus ara butonuna t\304\261klan\304\261r" > allSteps:<stepValue:"Yolcu ekle alan\304\261 doldurulur ve devam butonuna t\304\261klan\304\261r" parameterizedStepValue:"Yolcu ekle alan\304\261 doldurulur ve devam butonuna t\304\261klan\304\261r" > allSteps:<stepValue:"start" parameterizedStepValue:"start" > allSteps:<stepValue:"Bilet al butonuna t\304\261klan\304\261r" parameterizedStepValue:"Bilet al butonuna t\304\261klan\304\261r" > allSteps:<stepValue:"Tek y\303\266n ucus secilir" parameterizedStepValue:"Tek y\303\266n ucus secilir" > allSteps:<stepValue:"Y\303\266n bilgisi SAW to ESB" parameterizedStepValue:"Y\303\266n bilgisi SAW to ESB" > allSteps:<stepValue:"Tarih bilgisi g\303\274n\303\274n tarihinden 2 g\303\274n sonra" parameterizedStepValue:"Tarih bilgisi g\303\274n\303\274n tarihinden 2 g\303\274n sonra" > > 
18-08-2020 13:26:56.176 [Gauge] [DEBUG] Api Request Received: messageType:GetAllConceptsRequest messageId:6 allConceptsRequest:<> 
18-08-2020 13:26:56.176 [Gauge] [DEBUG] Sending API response: messageType:GetAllConceptsResponse messageId:6 allConceptsResponse:<> 
18-08-2020 13:26:58.761 [Gauge] [DEBUG] Api Request Received: messageType:GetStepValueRequest messageId:4 stepValueRequest:<stepText:"Yetiskin bilgisi 2 olarak secilir" > 
18-08-2020 13:26:58.761 [Gauge] [DEBUG] Sending API response: messageType:GetStepValueResponse messageId:4 stepValueResponse:<stepValue:<stepValue:"Yetiskin bilgisi 2 olarak secilir" parameterizedStepValue:"Yetiskin bilgisi 2 olarak secilir" > > 
18-08-2020 13:27:02.200 [Gauge] [DEBUG] Api Request Received: messageType:GetAllStepsRequest messageId:2 allStepsRequest:<> 
18-08-2020 13:27:02.200 [Gauge] [DEBUG] Sending API response: messageType:GetAllStepResponse messageId:2 allStepsResponse:<allSteps:<stepValue:"Tarih bilgisi g\303\274n\303\274n tarihinden 2 g\303\274n sonra" parameterizedStepValue:"Tarih bilgisi g\303\274n\303\274n tarihinden 2 g\303\274n sonra" > allSteps:<stepValue:"Tamam butonuna t\304\261klan\304\261r" parameterizedStepValue:"Tamam butonuna t\304\261klan\304\261r" > allSteps:<stepValue:"U\303\247uslar\304\261n listelendi\304\237i kontrol edilir" parameterizedStepValue:"U\303\247uslar\304\261n listelendi\304\237i kontrol edilir" > allSteps:<stepValue:"Ekonomik u\303\247us se\303\247ilir" parameterizedStepValue:"Ekonomik u\303\247us se\303\247ilir" > allSteps:<stepValue:"Devam butonuna t\304\261klan\304\261r" parameterizedStepValue:"Devam butonuna t\304\261klan\304\261r" > allSteps:<stepValue:"Bilet al butonuna t\304\261klan\304\261r" parameterizedStepValue:"Bilet al butonuna t\304\261klan\304\261r" > allSteps:<stepValue:"Tek y\303\266n ucus secilir" parameterizedStepValue:"Tek y\303\266n ucus secilir" > allSteps:<stepValue:"Y\303\266n bilgisi SAW to ESB" parameterizedStepValue:"Y\303\266n bilgisi SAW to ESB" > allSteps:<stepValue:"Yolcu ekle alan\304\261 doldurulur ve devam butonuna t\304\261klan\304\261r" parameterizedStepValue:"Yolcu ekle alan\304\261 doldurulur ve devam butonuna t\304\261klan\304\261r" > allSteps:<stepValue:"start" parameterizedStepValue:"start" > allSteps:<stepValue:"Yetiskin bilgisi 2 olarak se\303\247ilir" parameterizedStepValue:"Yetiskin bilgisi 2 olarak se\303\247ilir" > allSteps:<stepValue:"Ucus ara butonuna t\304\261klan\304\261r" parameterizedStepValue:"Ucus ara butonuna t\304\261klan\304\261r" > > 
18-08-2020 13:27:02.201 [Gauge] [DEBUG] Api Request Received: messageType:GetAllConceptsRequest messageId:6 allConceptsRequest:<> 
18-08-2020 13:27:02.201 [Gauge] [DEBUG] Sending API response: messageType:GetAllConceptsResponse messageId:6 allConceptsResponse:<> 
18-08-2020 13:27:26.115 [Gauge] [DEBUG] Api Request Received: messageType:GetAllStepsRequest messageId:2 allStepsRequest:<> 
18-08-2020 13:27:26.115 [Gauge] [DEBUG] Sending API response: messageType:GetAllStepResponse messageId:2 allStepsResponse:<allSteps:<stepValue:"Tek y\303\266n ucus secilir" parameterizedStepValue:"Tek y\303\266n ucus secilir" > allSteps:<stepValue:"Y\303\266n bilgisi SAW to ESB" parameterizedStepValue:"Y\303\266n bilgisi SAW to ESB" > allSteps:<stepValue:"Tamam butonuna t\304\261klan\304\261r" parameterizedStepValue:"Tamam butonuna t\304\261klan\304\261r" > allSteps:<stepValue:"Yetiskin bilgisi 2 olarak se\303\247ilir" parameterizedStepValue:"Yetiskin bilgisi 2 olarak se\303\247ilir" > allSteps:<stepValue:"Ucus ara butonuna t\304\261klan\304\261r" parameterizedStepValue:"Ucus ara butonuna t\304\261klan\304\261r" > allSteps:<stepValue:"Ekonomik u\303\247us se\303\247ilir" parameterizedStepValue:"Ekonomik u\303\247us se\303\247ilir" > allSteps:<stepValue:"Yolcu ekle alan\304\261 doldurulur ve devam butonuna t\304\261klan\304\261r" parameterizedStepValue:"Yolcu ekle alan\304\261 doldurulur ve devam butonuna t\304\261klan\304\261r" > allSteps:<stepValue:"start" parameterizedStepValue:"start" > allSteps:<stepValue:"Tarih bilgisi g\303\274n\303\274n tarihinden 2 g\303\274n sonra" parameterizedStepValue:"Tarih bilgisi g\303\274n\303\274n tarihinden 2 g\303\274n sonra" > allSteps:<stepValue:"U\303\247uslar\304\261n listelendi\304\237i kontrol edilir" parameterizedStepValue:"U\303\247uslar\304\261n listelendi\304\237i kontrol edilir" > allSteps:<stepValue:"Devam butonuna t\304\261klan\304\261r" parameterizedStepValue:"Devam butonuna t\304\261klan\304\261r" > allSteps:<stepValue:"Bilet al butonuna t\304\261klan\304\261r" parameterizedStepValue:"Bilet al butonuna t\304\261klan\304\261r" > > 
18-08-2020 13:27:26.116 [Gauge] [DEBUG] Api Request Received: messageType:GetAllConceptsRequest messageId:6 allConceptsRequest:<> 
18-08-2020 13:27:26.116 [Gauge] [DEBUG] Sending API response: messageType:GetAllConceptsResponse messageId:6 allConceptsResponse:<> 
18-08-2020 13:27:29.829 [Gauge] [INFO] Spec file added / modified: C:\Users\testinium\Desktop\THYMobilTest\specs\example.spec
18-08-2020 13:27:29.831 [Gauge] [INFO] Spec file added / modified: C:\Users\testinium\Desktop\THYMobilTest\specs\example.spec
18-08-2020 13:28:47.548 [Gauge] [INFO] Spec file added / modified: C:\Users\testinium\Desktop\THYMobilTest\specs\example.spec
18-08-2020 13:28:47.551 [Gauge] [INFO] Spec file added / modified: C:\Users\testinium\Desktop\THYMobilTest\specs\example.spec
18-08-2020 13:33:26.974 [Gauge] [DEBUG] Api Request Received: messageType:GetStepValueRequest messageId:4 stepValueRequest:<stepText:"Yetiskin bilgisi 2  " > 
18-08-2020 13:33:26.975 [Gauge] [DEBUG] Sending API response: messageType:GetStepValueResponse messageId:4 stepValueResponse:<stepValue:<stepValue:"Yetiskin bilgisi 2" parameterizedStepValue:"Yetiskin bilgisi 2" > > 
18-08-2020 13:33:28.377 [Gauge] [DEBUG] Api Request Received: messageType:GetStepValueRequest messageId:4 stepValueRequest:<stepText:"Yetiskin bilgisi 2 " > 
18-08-2020 13:33:28.377 [Gauge] [DEBUG] Sending API response: messageType:GetStepValueResponse messageId:4 stepValueResponse:<stepValue:<stepValue:"Yetiskin bilgisi 2" parameterizedStepValue:"Yetiskin bilgisi 2" > > 
18-08-2020 13:33:33.127 [Gauge] [INFO] Spec file added / modified: C:\Users\testinium\Desktop\THYMobilTest\specs\example.spec
18-08-2020 13:33:33.132 [Gauge] [INFO] Spec file added / modified: C:\Users\testinium\Desktop\THYMobilTest\specs\example.spec
18-08-2020 13:33:34.986 [Gauge] [DEBUG] Api Request Received: messageType:GetStepValueRequest messageId:4 stepValueRequest:<> 
18-08-2020 13:33:34.986 [Gauge] [DEBUG] Sending API response: messageType:GetStepValueResponse messageId:4 stepValueResponse:<stepValue:<> > 
18-08-2020 13:33:34.988 [Gauge] [DEBUG] Api Request Received: messageType:GetStepValueRequest messageId:4 stepValueRequest:<> 
18-08-2020 13:33:34.988 [Gauge] [DEBUG] Sending API response: messageType:GetStepValueResponse messageId:4 stepValueResponse:<stepValue:<> > 
18-08-2020 13:33:34.989 [Gauge] [DEBUG] Api Request Received: messageType:GetStepValueRequest messageId:4 stepValueRequest:<> 
18-08-2020 13:33:34.989 [Gauge] [DEBUG] Sending API response: messageType:GetStepValueResponse messageId:4 stepValueResponse:<stepValue:<> > 
18-08-2020 13:33:34.999 [Gauge] [DEBUG] Api Request Received: messageType:GetStepValueRequest messageId:4 stepValueRequest:<> 
18-08-2020 13:33:34.999 [Gauge] [DEBUG] Sending API response: messageType:GetStepValueResponse messageId:4 stepValueResponse:<stepValue:<> > 
18-08-2020 13:33:35.000 [Gauge] [DEBUG] Api Request Received: messageType:GetStepValueRequest messageId:4 stepValueRequest:<> 
18-08-2020 13:33:35.000 [Gauge] [DEBUG] Sending API response: messageType:GetStepValueResponse messageId:4 stepValueResponse:<stepValue:<> > 
18-08-2020 13:33:35.051 [Gauge] [DEBUG] Api Request Received: messageType:GetStepValueRequest messageId:4 stepValueRequest:<> 
18-08-2020 13:33:35.051 [Gauge] [DEBUG] Sending API response: messageType:GetStepValueResponse messageId:4 stepValueResponse:<stepValue:<> > 
18-08-2020 13:33:35.051 [Gauge] [DEBUG] Api Request Received: messageType:GetStepValueRequest messageId:4 stepValueRequest:<> 
18-08-2020 13:33:35.051 [Gauge] [DEBUG] Sending API response: messageType:GetStepValueResponse messageId:4 stepValueResponse:<stepValue:<> > 
18-08-2020 13:33:35.093 [Gauge] [DEBUG] Api Request Received: messageType:GetStepValueRequest messageId:4 stepValueRequest:<> 
18-08-2020 13:33:35.094 [Gauge] [DEBUG] Sending API response: messageType:GetStepValueResponse messageId:4 stepValueResponse:<stepValue:<> > 
18-08-2020 13:33:35.094 [Gauge] [DEBUG] Api Request Received: messageType:GetStepValueRequest messageId:4 stepValueRequest:<> 
18-08-2020 13:33:35.094 [Gauge] [DEBUG] Sending API response: messageType:GetStepValueResponse messageId:4 stepValueResponse:<stepValue:<> > 
18-08-2020 13:33:35.114 [Gauge] [DEBUG] Api Request Received: messageType:GetStepValueRequest messageId:4 stepValueRequest:<> 
18-08-2020 13:33:35.114 [Gauge] [DEBUG] Sending API response: messageType:GetStepValueResponse messageId:4 stepValueResponse:<stepValue:<> > 
18-08-2020 13:33:35.116 [Gauge] [DEBUG] Api Request Received: messageType:GetStepValueRequest messageId:4 stepValueRequest:<> 
18-08-2020 13:33:35.116 [Gauge] [DEBUG] Sending API response: messageType:GetStepValueResponse messageId:4 stepValueResponse:<stepValue:<> > 
18-08-2020 13:33:35.129 [Gauge] [DEBUG] Api Request Received: messageType:GetStepValueRequest messageId:4 stepValueRequest:<> 
18-08-2020 13:33:35.129 [Gauge] [DEBUG] Sending API response: messageType:GetStepValueResponse messageId:4 stepValueResponse:<stepValue:<> > 
18-08-2020 13:33:35.129 [Gauge] [DEBUG] Api Request Received: messageType:GetStepValueRequest messageId:4 stepValueRequest:<> 
18-08-2020 13:33:35.129 [Gauge] [DEBUG] Sending API response: messageType:GetStepValueResponse messageId:4 stepValueResponse:<stepValue:<> > 
18-08-2020 13:33:35.206 [Gauge] [DEBUG] Api Request Received: messageType:GetAllStepsRequest messageId:2 allStepsRequest:<> 
18-08-2020 13:33:35.206 [Gauge] [DEBUG] Sending API response: messageType:GetAllStepResponse messageId:2 allStepsResponse:<allSteps:<stepValue:"start" parameterizedStepValue:"start" > allSteps:<stepValue:"Bilet al butonuna t\304\261klan\304\261r" parameterizedStepValue:"Bilet al butonuna t\304\261klan\304\261r" > allSteps:<stepValue:"Tek y\303\266n ucus secilir" parameterizedStepValue:"Tek y\303\266n ucus secilir" > allSteps:<stepValue:"Y\303\266n bilgisi SAW to ESB" parameterizedStepValue:"Y\303\266n bilgisi SAW to ESB" > allSteps:<stepValue:"Ucus ara butonuna t\304\261klan\304\261r" parameterizedStepValue:"Ucus ara butonuna t\304\261klan\304\261r" > allSteps:<stepValue:"Devam butonuna t\304\261klan\304\261r" parameterizedStepValue:"Devam butonuna t\304\261klan\304\261r" > allSteps:<stepValue:"Yolcu ekle alan\304\261 doldurulur ve devam butonuna t\304\261klan\304\261r" parameterizedStepValue:"Yolcu ekle alan\304\261 doldurulur ve devam butonuna t\304\261klan\304\261r" > allSteps:<stepValue:"Tarih bilgisi g\303\274n\303\274n tarihinden 2 g\303\274n sonra" parameterizedStepValue:"Tarih bilgisi g\303\274n\303\274n tarihinden 2 g\303\274n sonra" > allSteps:<stepValue:"Tamam butonuna t\304\261klan\304\261r" parameterizedStepValue:"Tamam butonuna t\304\261klan\304\261r" > allSteps:<stepValue:"Ekonomik ucus secilir" parameterizedStepValue:"Ekonomik ucus secilir" > > 
18-08-2020 13:33:35.207 [Gauge] [DEBUG] Api Request Received: messageType:GetAllConceptsRequest messageId:6 allConceptsRequest:<> 
18-08-2020 13:33:35.207 [Gauge] [DEBUG] Sending API response: messageType:GetAllConceptsResponse messageId:6 allConceptsResponse:<> 
18-08-2020 13:33:37.207 [Gauge] [DEBUG] Api Request Received: messageType:GetStepValueRequest messageId:4 stepValueRequest:<stepText:"Yetiskin bilgisi 2" > 
18-08-2020 13:33:37.212 [Gauge] [DEBUG] Sending API response: messageType:GetStepValueResponse messageId:4 stepValueResponse:<stepValue:<stepValue:"Yetiskin bilgisi 2" parameterizedStepValue:"Yetiskin bilgisi 2" > > 
18-08-2020 13:34:35.278 [Gauge] [INFO] Spec file added / modified: C:\Users\testinium\Desktop\THYMobilTest\specs\example.spec
18-08-2020 13:34:35.280 [Gauge] [INFO] Spec file added / modified: C:\Users\testinium\Desktop\THYMobilTest\specs\example.spec
18-08-2020 13:36:37.633 [Gauge] [DEBUG] Api Request Received: messageType:GetStepValueRequest messageId:4 stepValueRequest:<stepText:"Y 2 " > 
18-08-2020 13:36:37.634 [Gauge] [DEBUG] Sending API response: messageType:GetStepValueResponse messageId:4 stepValueResponse:<stepValue:<stepValue:"Y 2" parameterizedStepValue:"Y 2" > > 
18-08-2020 13:36:38.116 [Gauge] [DEBUG] Api Request Received: messageType:GetStepValueRequest messageId:4 stepValueRequest:<stepText:" 2 " > 
18-08-2020 13:36:38.116 [Gauge] [DEBUG] Sending API response: messageType:GetStepValueResponse messageId:4 stepValueResponse:<stepValue:<stepValue:"2" parameterizedStepValue:"2" > > 
18-08-2020 13:36:39.339 [Gauge] [DEBUG] Api Request Received: messageType:GetStepValueRequest messageId:4 stepValueRequest:<stepText:" 2" > 
18-08-2020 13:36:39.339 [Gauge] [DEBUG] Sending API response: messageType:GetStepValueResponse messageId:4 stepValueResponse:<stepValue:<stepValue:"2" parameterizedStepValue:"2" > > 
18-08-2020 13:36:40.514 [Gauge] [DEBUG] Api Request Received: messageType:GetStepValueRequest messageId:4 stepValueRequest:<stepText:"2" > 
18-08-2020 13:36:40.515 [Gauge] [DEBUG] Sending API response: messageType:GetStepValueResponse messageId:4 stepValueResponse:<stepValue:<stepValue:"2" parameterizedStepValue:"2" > > 
18-08-2020 13:36:45.183 [Gauge] [DEBUG] Api Request Received: messageType:GetStepValueRequest messageId:4 stepValueRequest:<stepText:"Y2" > 
18-08-2020 13:36:45.183 [Gauge] [DEBUG] Sending API response: messageType:GetStepValueResponse messageId:4 stepValueResponse:<stepValue:<stepValue:"Y2" parameterizedStepValue:"Y2" > > 
18-08-2020 13:36:45.183 [Gauge] [DEBUG] Api Request Received: messageType:GetStepValueRequest messageId:4 stepValueRequest:<stepText:"Bilet al butonuna t\304\261klan\304\261r" > 
18-08-2020 13:36:45.184 [Gauge] [DEBUG] Sending API response: messageType:GetStepValueResponse messageId:4 stepValueResponse:<stepValue:<stepValue:"Bilet al butonuna t\304\261klan\304\261r" parameterizedStepValue:"Bilet al butonuna t\304\261klan\304\261r" > > 
18-08-2020 13:36:47.884 [Gauge] [INFO] Spec file added / modified: C:\Users\testinium\Desktop\THYMobilTest\specs\example.spec
18-08-2020 13:36:47.889 [Gauge] [INFO] Spec file added / modified: C:\Users\testinium\Desktop\THYMobilTest\specs\example.spec
18-08-2020 14:49:41.102 [Gauge] [DEBUG] Api Request Received: messageType:GetStepValueRequest messageId:4 stepValueRequest:<stepText:"F" > 
18-08-2020 14:49:41.107 [Gauge] [DEBUG] Sending API response: messageType:GetStepValueResponse messageId:4 stepValueResponse:<stepValue:<stepValue:"F" parameterizedStepValue:"F" > > 
18-08-2020 14:49:43.378 [Gauge] [DEBUG] Api Request Received: messageType:GetStepValueRequest messageId:4 stepValueRequest:<stepText:"Finish" > 
18-08-2020 14:49:43.378 [Gauge] [DEBUG] Sending API response: messageType:GetStepValueResponse messageId:4 stepValueResponse:<stepValue:<stepValue:"Finish" parameterizedStepValue:"Finish" > > 
18-08-2020 14:51:59.487 [Gauge] [INFO] Spec file added / modified: C:\Users\testinium\Desktop\THYMobilTest\specs\example.spec
18-08-2020 14:51:59.504 [Gauge] [INFO] Spec file added / modified: C:\Users\testinium\Desktop\THYMobilTest\specs\example.spec
18-08-2020 14:52:00.960 [Gauge] [DEBUG] Api Request Received: messageType:GetAllStepsRequest messageId:2 allStepsRequest:<> 
18-08-2020 14:52:00.963 [Gauge] [DEBUG] Sending API response: messageType:GetAllStepResponse messageId:2 allStepsResponse:<allSteps:<stepValue:"Tamam butonuna t\304\261klan\304\261r" parameterizedStepValue:"Tamam butonuna t\304\261klan\304\261r" > allSteps:<stepValue:"Ekonomik ucus secilir" parameterizedStepValue:"Ekonomik ucus secilir" > allSteps:<stepValue:"Devam butonuna t\304\261klan\304\261r" parameterizedStepValue:"Devam butonuna t\304\261klan\304\261r" > allSteps:<stepValue:"Tek y\303\266n ucus secilir" parameterizedStepValue:"Tek y\303\266n ucus secilir" > allSteps:<stepValue:"Bilet al butonuna t\304\261klan\304\261r" parameterizedStepValue:"Bilet al butonuna t\304\261klan\304\261r" > allSteps:<stepValue:"Y\303\266n bilgisi SAW to ESB" parameterizedStepValue:"Y\303\266n bilgisi SAW to ESB" > allSteps:<stepValue:"Tarih bilgisi g\303\274n\303\274n tarihinden 2 g\303\274n sonra" parameterizedStepValue:"Tarih bilgisi g\303\274n\303\274n tarihinden 2 g\303\274n sonra" > allSteps:<stepValue:"2" parameterizedStepValue:"2" > allSteps:<stepValue:"Ucus ara butonuna t\304\261klan\304\261r" parameterizedStepValue:"Ucus ara butonuna t\304\261klan\304\261r" > allSteps:<stepValue:"Yolcu ekle alan\304\261 doldurulur ve devam butonuna t\304\261klan\304\261r" parameterizedStepValue:"Yolcu ekle alan\304\261 doldurulur ve devam butonuna t\304\261klan\304\261r" > allSteps:<stepValue:"start" parameterizedStepValue:"start" > > 
18-08-2020 14:52:00.967 [Gauge] [DEBUG] Api Request Received: messageType:GetAllConceptsRequest messageId:6 allConceptsRequest:<> 
18-08-2020 14:52:00.967 [Gauge] [DEBUG] Sending API response: messageType:GetAllConceptsResponse messageId:6 allConceptsResponse:<> 
18-08-2020 14:52:16.400 [Gauge] [DEBUG] Api Request Received: messageType:GetStepValueRequest messageId:4 stepValueRequest:<stepText:"yolcu say\304\261s\304\261" > 
18-08-2020 14:52:16.400 [Gauge] [DEBUG] Sending API response: messageType:GetStepValueResponse messageId:4 stepValueResponse:<stepValue:<stepValue:"yolcu say\304\261s\304\261" parameterizedStepValue:"yolcu say\304\261s\304\261" > > 
18-08-2020 14:52:18.807 [Gauge] [DEBUG] Api Request Received: messageType:GetStepValueRequest messageId:4 stepValueRequest:<stepText:"olcu say\304\261s\304\261" > 
18-08-2020 14:52:18.807 [Gauge] [DEBUG] Sending API response: messageType:GetStepValueResponse messageId:4 stepValueResponse:<stepValue:<stepValue:"olcu say\304\261s\304\261" parameterizedStepValue:"olcu say\304\261s\304\261" > > 
18-08-2020 14:52:19.219 [Gauge] [DEBUG] Api Request Received: messageType:GetStepValueRequest messageId:4 stepValueRequest:<stepText:"Yolcu say\304\261s\304\261" > 
18-08-2020 14:52:19.219 [Gauge] [DEBUG] Sending API response: messageType:GetStepValueResponse messageId:4 stepValueResponse:<stepValue:<stepValue:"Yolcu say\304\261s\304\261" parameterizedStepValue:"Yolcu say\304\261s\304\261" > > 
18-08-2020 14:52:30.150 [Gauge] [DEBUG] Api Request Received: messageType:GetAllStepsRequest messageId:2 allStepsRequest:<> 
18-08-2020 14:52:30.150 [Gauge] [DEBUG] Sending API response: messageType:GetAllStepResponse messageId:2 allStepsResponse:<allSteps:<stepValue:"Tamam butonuna t\304\261klan\304\261r" parameterizedStepValue:"Tamam butonuna t\304\261klan\304\261r" > allSteps:<stepValue:"Ucus ara butonuna t\304\261klan\304\261r" parameterizedStepValue:"Ucus ara butonuna t\304\261klan\304\261r" > allSteps:<stepValue:"Yolcu ekle alan\304\261 doldurulur ve devam butonuna t\304\261klan\304\261r" parameterizedStepValue:"Yolcu ekle alan\304\261 doldurulur ve devam butonuna t\304\261klan\304\261r" > allSteps:<stepValue:"start" parameterizedStepValue:"start" > allSteps:<stepValue:"Bilet al butonuna t\304\261klan\304\261r" parameterizedStepValue:"Bilet al butonuna t\304\261klan\304\261r" > allSteps:<stepValue:"Tek y\303\266n ucus secilir" parameterizedStepValue:"Tek y\303\266n ucus secilir" > allSteps:<stepValue:"Tarih bilgisi g\303\274n\303\274n tarihinden 2 g\303\274n sonra" parameterizedStepValue:"Tarih bilgisi g\303\274n\303\274n tarihinden 2 g\303\274n sonra" > allSteps:<stepValue:"Y\303\266n bilgisi SAW to ESB" parameterizedStepValue:"Y\303\266n bilgisi SAW to ESB" > allSteps:<stepValue:"2" parameterizedStepValue:"2" > allSteps:<stepValue:"Ekonomik ucus secilir" parameterizedStepValue:"Ekonomik ucus secilir" > allSteps:<stepValue:"Devam butonuna t\304\261klan\304\261r" parameterizedStepValue:"Devam butonuna t\304\261klan\304\261r" > > 
18-08-2020 14:52:30.152 [Gauge] [DEBUG] Api Request Received: messageType:GetAllConceptsRequest messageId:6 allConceptsRequest:<> 
18-08-2020 14:52:30.152 [Gauge] [DEBUG] Sending API response: messageType:GetAllConceptsResponse messageId:6 allConceptsResponse:<> 
18-08-2020 14:52:37.714 [Gauge] [INFO] Spec file added / modified: C:\Users\testinium\Desktop\THYMobilTest\specs\example.spec
18-08-2020 14:52:37.715 [Gauge] [INFO] Spec file added / modified: C:\Users\testinium\Desktop\THYMobilTest\specs\example.spec
